[  221361ms] ReferenceError: activeDreams is not defined
    at ChildHome (http://localhost:5173/src/pages/ChildHome.jsx?t=1773238393986:131:7)
    at renderWithHooks (http://localhost:5173/node_modules/.vite/deps/chunk-QXLG2TGQ.js?v=b70982f0:11594:26)
    at updateFunctionComponent (http://localhost:5173/node_modules/.vite/deps/chunk-QXLG2TGQ.js?v=b70982f0:14628:28)
    at beginWork (http://localhost:5173/node_modules/.vite/deps/chunk-QXLG2TGQ.js?v=b70982f0:15970:22)
    at HTMLUnknownElement.callCallback2 (http://localhost:5173/node_modules/.vite/deps/chunk-QXLG2TGQ.js?v=b70982f0:3678:22)
    at Object.invokeGuardedCallbackDev (http://localhost:5173/node_modules/.vite/deps/chunk-QXLG2TGQ.js?v=b70982f0:3703:24)
    at invokeGuardedCallback (http://localhost:5173/node_modules/.vite/deps/chunk-QXLG2TGQ.js?v=b70982f0:3737:39)
    at beginWork$1 (http://localhost:5173/node_modules/.vite/deps/chunk-QXLG2TGQ.js?v=b70982f0:19816:15)
    at performUnitOfWork (http://localhost:5173/node_modules/.vite/deps/chunk-QXLG2TGQ.js?v=b70982f0:19249:20)
    at workLoopSync (http://localhost:5173/node_modules/.vite/deps/chunk-QXLG2TGQ.js?v=b70982f0:19188:13)
[  221362ms] ReferenceError: activeDreams is not defined
    at ChildHome (http://localhost:5173/src/pages/ChildHome.jsx?t=1773238393986:131:7)
    at renderWithHooks (http://localhost:5173/node_modules/.vite/deps/chunk-QXLG2TGQ.js?v=b70982f0:11594:26)
    at updateFunctionComponent (http://localhost:5173/node_modules/.vite/deps/chunk-QXLG2TGQ.js?v=b70982f0:14628:28)
    at beginWork (http://localhost:5173/node_modules/.vite/deps/chunk-QXLG2TGQ.js?v=b70982f0:15970:22)
    at HTMLUnknownElement.callCallback2 (http://localhost:5173/node_modules/.vite/deps/chunk-QXLG2TGQ.js?v=b70982f0:3678:22)
    at Object.invokeGuardedCallbackDev (http://localhost:5173/node_modules/.vite/deps/chunk-QXLG2TGQ.js?v=b70982f0:3703:24)
    at invokeGuardedCallback (http://localhost:5173/node_modules/.vite/deps/chunk-QXLG2TGQ.js?v=b70982f0:3737:39)
    at beginWork$1 (http://localhost:5173/node_modules/.vite/deps/chunk-QXLG2TGQ.js?v=b70982f0:19816:15)
    at performUnitOfWork (http://localhost:5173/node_modules/.vite/deps/chunk-QXLG2TGQ.js?v=b70982f0:19249:20)
    at workLoopSync (http://localhost:5173/node_modules/.vite/deps/chunk-QXLG2TGQ.js?v=b70982f0:19188:13)
[  221363ms] [ERROR] The above error occurred in the <ChildHome> component:

    at ChildHome (http://localhost:5173/src/pages/ChildHome.jsx?t=1773238393986:33:20)
    at ProtectedRoute (http://localhost:5173/src/App.jsx?t=1773237720231:31:27)
    at RenderedRoute (http://localhost:5173/node_modules/.vite/deps/react-router-dom.js?v=b70982f0:6353:26)
    at Routes (http://localhost:5173/node_modules/.vite/deps/react-router-dom.js?v=b70982f0:7220:3)
    at AppRoutes (http://localhost:5173/src/App.jsx?t=1773237720231:68:50)
    at div
    at App
    at AuthProvider (http://localhost:5173/src/context/AuthContext.jsx?t=1773235151739:21:32)
    at Router (http://localhost:5173/node_modules/.vite/deps/react-router-dom.js?v=b70982f0:7150:13)
    at BrowserRouter (http://localhost:5173/node_modules/.vite/deps/react-router-dom.js?v=b70982f0:10361:3)

Consider adding an error boundary to your tree to customize error handling behavior.
Visit https://reactjs.org/link/error-boundaries to learn more about error boundaries. @ http://localhost:5173/node_modules/.vite/deps/chunk-QXLG2TGQ.js?v=b70982f0:14077
[  221363ms] ReferenceError: activeDreams is not defined
    at ChildHome (http://localhost:5173/src/pages/ChildHome.jsx?t=1773238393986:131:7)
    at renderWithHooks (http://localhost:5173/node_modules/.vite/deps/chunk-QXLG2TGQ.js?v=b70982f0:11594:26)
    at updateFunctionComponent (http://localhost:5173/node_modules/.vite/deps/chunk-QXLG2TGQ.js?v=b70982f0:14628:28)
    at beginWork (http://localhost:5173/node_modules/.vite/deps/chunk-QXLG2TGQ.js?v=b70982f0:15970:22)
    at beginWork$1 (http://localhost:5173/node_modules/.vite/deps/chunk-QXLG2TGQ.js?v=b70982f0:19804:22)
    at performUnitOfWork (http://localhost:5173/node_modules/.vite/deps/chunk-QXLG2TGQ.js?v=b70982f0:19249:20)
    at workLoopSync (http://localhost:5173/node_modules/.vite/deps/chunk-QXLG2TGQ.js?v=b70982f0:19188:13)
    at renderRootSync (http://localhost:5173/node_modules/.vite/deps/chunk-QXLG2TGQ.js?v=b70982f0:19167:15)
    at recoverFromConcurrentError (http://localhost:5173/node_modules/.vite/deps/chunk-QXLG2TGQ.js?v=b70982f0:18784:28)
    at performSyncWorkOnRoot (http://localhost:5173/node_modules/.vite/deps/chunk-QXLG2TGQ.js?v=b70982f0:18930:28)
